{"uid":"46426fefde6806f1","name":"Deleting existing issue for authorized user","fullName":"io.qameta.allure.PullRequestsWebTest.shouldClosePullRequest","historyId":"4313f5ccf5d254c3940e26924ce28935","time":{"start":1729611174466,"stop":1729611176475,"duration":2009},"description":"","status":"failed","statusMessage":"Element not found {By.xpath: [//div[@class='something']]}\nExpected: visible or transparent: visible or have css value opacity=0\nScreenshot: file:./allure-demo/build/reports/tests/1603973516437.0.png\nPage source: file:./allure-demo/build/reports/tests/1603973516437.0.html\nTimeout: 4 s.\n","statusTrace":"org.opentest4j.AssertionFailedError: Element not found {By.xpath: [//div[@class='something']]}\nExpected: visible or transparent: visible or have css value opacity=0\nScreenshot: file:./allure-demo/build/reports/tests/1603973516437.0.png\nPage source: file:./allure-demo/build/reports/tests/1603973516437.0.html\nTimeout: 4 s.\n\n\tat org.junit.jupiter.api.AssertionUtils.fail(AssertionUtils.java:38)\n\tat org.junit.jupiter.api.Assertions.fail(Assertions.java:138)\n\tat io.qameta.allure.WebSteps.maybeThrowElementNotFoundException(WebSteps.java:134)\n\tat io.qameta.allure.WebSteps.createPullRequestFromBranch(WebSteps.java:43)\n\tat io.qameta.allure.PullRequestsWebTest.shouldClosePullRequest(PullRequestsWebTest.java:52)\n\tat java.base/java.lang.reflect.Method.invoke(Method.java:580)\n\tat java.base/java.util.concurrent.RecursiveAction.exec(RecursiveAction.java:194)\n\tat java.base/java.util.concurrent.ForkJoinTask.doExec(ForkJoinTask.java:387)\n\tat java.base/java.util.concurrent.ForkJoinPool$WorkQueue.topLevelExec(ForkJoinPool.java:1312)\n\tat java.base/java.util.concurrent.ForkJoinPool.scan(ForkJoinPool.java:1843)\n\tat java.base/java.util.concurrent.ForkJoinPool.runWorker(ForkJoinPool.java:1808)\n\tat java.base/java.util.concurrent.ForkJoinWorkerThread.run(ForkJoinWorkerThread.java:188)\n\tSuppressed: org.opentest4j.AssertionFailedError: WebDriverException: chrome not reachable\nElement not found {By.xpath: //a[@href='./allure-demo']}\nExpected: text 'Allure'\nPage source: file:./allure-demo/build/reports/tests/1603973861960.0.html\nTimeout: 4 s.\n\t\tat org.junit.jupiter.api.AssertionUtils.fail(AssertionUtils.java:38)\n\t\tat org.junit.jupiter.api.Assertions.fail(Assertions.java:138)\n\t\tat io.qameta.allure.WebSteps.maybeThrowSeleniumTimeoutException(WebSteps.java:126)\n\t\tat io.qameta.allure.WebSteps.stopDriver(WebSteps.java:24)\n\t\tat io.qameta.allure.PullRequestsWebTest.stopDriver(PullRequestsWebTest.java:59)\n\t\t... 7 more\n","flaky":false,"newFailed":true,"newBroken":false,"newPassed":false,"retriesCount":0,"retriesStatusChange":false,"beforeStages":[],"testStage":{"description":"","status":"failed","statusMessage":"Element not found {By.xpath: [//div[@class='something']]}\nExpected: visible or transparent: visible or have css value opacity=0\nScreenshot: file:./allure-demo/build/reports/tests/1603973516437.0.png\nPage source: file:./allure-demo/build/reports/tests/1603973516437.0.html\nTimeout: 4 s.\n","statusTrace":"org.opentest4j.AssertionFailedError: Element not found {By.xpath: [//div[@class='something']]}\nExpected: visible or transparent: visible or have css value opacity=0\nScreenshot: file:./allure-demo/build/reports/tests/1603973516437.0.png\nPage source: file:./allure-demo/build/reports/tests/1603973516437.0.html\nTimeout: 4 s.\n\n\tat org.junit.jupiter.api.AssertionUtils.fail(AssertionUtils.java:38)\n\tat org.junit.jupiter.api.Assertions.fail(Assertions.java:138)\n\tat io.qameta.allure.WebSteps.maybeThrowElementNotFoundException(WebSteps.java:134)\n\tat io.qameta.allure.WebSteps.createPullRequestFromBranch(WebSteps.java:43)\n\tat io.qameta.allure.PullRequestsWebTest.shouldClosePullRequest(PullRequestsWebTest.java:52)\n\tat java.base/java.lang.reflect.Method.invoke(Method.java:580)\n\tat java.base/java.util.concurrent.RecursiveAction.exec(RecursiveAction.java:194)\n\tat java.base/java.util.concurrent.ForkJoinTask.doExec(ForkJoinTask.java:387)\n\tat java.base/java.util.concurrent.ForkJoinPool$WorkQueue.topLevelExec(ForkJoinPool.java:1312)\n\tat java.base/java.util.concurrent.ForkJoinPool.scan(ForkJoinPool.java:1843)\n\tat java.base/java.util.concurrent.ForkJoinPool.runWorker(ForkJoinPool.java:1808)\n\tat java.base/java.util.concurrent.ForkJoinWorkerThread.run(ForkJoinWorkerThread.java:188)\n\tSuppressed: org.opentest4j.AssertionFailedError: WebDriverException: chrome not reachable\nElement not found {By.xpath: //a[@href='./allure-demo']}\nExpected: text 'Allure'\nPage source: file:./allure-demo/build/reports/tests/1603973861960.0.html\nTimeout: 4 s.\n\t\tat org.junit.jupiter.api.AssertionUtils.fail(AssertionUtils.java:38)\n\t\tat org.junit.jupiter.api.Assertions.fail(Assertions.java:138)\n\t\tat io.qameta.allure.WebSteps.maybeThrowSeleniumTimeoutException(WebSteps.java:126)\n\t\tat io.qameta.allure.WebSteps.stopDriver(WebSteps.java:24)\n\t\tat io.qameta.allure.PullRequestsWebTest.stopDriver(PullRequestsWebTest.java:59)\n\t\t... 7 more\n","steps":[{"name":"Starting web driver","time":{"start":1729611174467,"stop":1729611174467,"duration":0},"status":"passed","steps":[],"attachments":[],"parameters":[],"shouldDisplayMessage":false,"stepsCount":0,"attachmentsCount":0,"hasContent":false,"attachmentStep":false},{"name":"Open pull requests page `allure-framework/allure2`","time":{"start":1729611174467,"stop":1729611175468,"duration":1001},"status":"passed","steps":[],"attachments":[{"uid":"dedf8040ae5bd903","name":"Pull Request List","source":"dedf8040ae5bd903.html","type":"text/html","size":2245},{"uid":"3b593ad1524812e9","name":"Screenshot","source":"3b593ad1524812e9.png","type":"image/png","size":69940}],"parameters":[{"name":"owner","value":"allure-framework"},{"name":"repo","value":"allure2"}],"shouldDisplayMessage":false,"stepsCount":0,"attachmentsCount":2,"hasContent":true,"attachmentStep":false},{"name":"Create pull request from branch `new-feature`","time":{"start":1729611175469,"stop":1729611176469,"duration":1000},"status":"failed","statusMessage":"Element not found {By.xpath: [//div[@class='something']]}\nExpected: visible or transparent: visible or have css value opacity=0\nScreenshot: file:./allure-demo/build/reports/tests/1603973516437.0.png\nPage source: file:./allure-demo/build/reports/tests/1603973516437.0.html\nTimeout: 4 s.\n","statusTrace":"org.opentest4j.AssertionFailedError: Element not found {By.xpath: [//div[@class='something']]}\nExpected: visible or transparent: visible or have css value opacity=0\nScreenshot: file:./allure-demo/build/reports/tests/1603973516437.0.png\nPage source: file:./allure-demo/build/reports/tests/1603973516437.0.html\nTimeout: 4 s.\n\n\tat org.junit.jupiter.api.AssertionUtils.fail(AssertionUtils.java:38)\n\tat org.junit.jupiter.api.Assertions.fail(Assertions.java:138)\n\tat io.qameta.allure.WebSteps.maybeThrowElementNotFoundException(WebSteps.java:134)\n\tat io.qameta.allure.WebSteps.createPullRequestFromBranch(WebSteps.java:43)\n\tat io.qameta.allure.PullRequestsWebTest.shouldClosePullRequest(PullRequestsWebTest.java:52)\n\tat java.base/jdk.internal.reflect.DirectMethodHandleAccessor.invoke(DirectMethodHandleAccessor.java:103)\n\tat java.base/java.lang.reflect.Method.invoke(Method.java:580)\n\tat org.junit.platform.commons.util.ReflectionUtils.invokeMethod(ReflectionUtils.java:728)\n\tat org.junit.jupiter.engine.execution.MethodInvocation.proceed(MethodInvocation.java:60)\n\tat org.junit.jupiter.engine.execution.InvocationInterceptorChain$ValidatingInvocation.proceed(InvocationInterceptorChain.java:131)\n\tat org.junit.jupiter.engine.extension.TimeoutExtension.intercept(TimeoutExtension.java:156)\n\tat org.junit.jupiter.engine.extension.TimeoutExtension.interceptTestableMethod(TimeoutExtension.java:147)\n\tat org.junit.jupiter.engine.extension.TimeoutExtension.interceptTestMethod(TimeoutExtension.java:86)\n\tat org.junit.jupiter.engine.execution.InterceptingExecutableInvoker$ReflectiveInterceptorCall.lambda$ofVoidMethod$0(InterceptingExecutableInvoker.java:103)\n\tat org.junit.jupiter.engine.execution.InterceptingExecutableInvoker.lambda$invoke$0(InterceptingExecutableInvoker.java:93)\n\tat org.junit.jupiter.engine.execution.InvocationInterceptorChain$InterceptedInvocation.proceed(InvocationInterceptorChain.java:106)\n\tat org.junit.jupiter.engine.execution.InvocationInterceptorChain.proceed(InvocationInterceptorChain.java:64)\n\tat org.junit.jupiter.engine.execution.InvocationInterceptorChain.chainAndInvoke(InvocationInterceptorChain.java:45)\n\tat org.junit.jupiter.engine.execution.InvocationInterceptorChain.invoke(InvocationInterceptorChain.java:37)\n\tat org.junit.jupiter.engine.execution.InterceptingExecutableInvoker.invoke(InterceptingExecutableInvoker.java:92)\n\tat org.junit.jupiter.engine.execution.InterceptingExecutableInvoker.invoke(InterceptingExecutableInvoker.java:86)\n\tat org.junit.jupiter.engine.descriptor.TestMethodTestDescriptor.lambda$invokeTestMethod$7(TestMethodTestDescriptor.java:218)\n\tat org.junit.platform.engine.support.hierarchical.ThrowableCollector.execute(ThrowableCollector.java:73)\n\tat org.junit.jupiter.engine.descriptor.TestMethodTestDescriptor.invokeTestMethod(TestMethodTestDescriptor.java:214)\n\tat org.junit.jupiter.engine.descriptor.TestMethodTestDescriptor.execute(TestMethodTestDescriptor.java:139)\n\tat org.junit.jupiter.engine.descriptor.TestMethodTestDescriptor.execute(TestMethodTestDescriptor.java:69)\n\tat org.junit.platform.engine.support.hierarchical.NodeTestTask.lambda$executeRecursively$6(NodeTestTask.java:151)\n\tat org.junit.platform.engine.support.hierarchical.ThrowableCollector.execute(ThrowableCollector.java:73)\n\tat org.junit.platform.engine.support.hierarchical.NodeTestTask.lambda$executeRecursively$8(NodeTestTask.java:141)\n\tat org.junit.platform.engine.support.hierarchical.Node.around(Node.java:137)\n\tat org.junit.platform.engine.support.hierarchical.NodeTestTask.lambda$executeRecursively$9(NodeTestTask.java:139)\n\tat org.junit.platform.engine.support.hierarchical.ThrowableCollector.execute(ThrowableCollector.java:73)\n\tat org.junit.platform.engine.support.hierarchical.NodeTestTask.executeRecursively(NodeTestTask.java:138)\n\tat org.junit.platform.engine.support.hierarchical.NodeTestTask.execute(NodeTestTask.java:95)\n\tat org.junit.platform.engine.support.hierarchical.ForkJoinPoolHierarchicalTestExecutorService$ExclusiveTask.compute(ForkJoinPoolHierarchicalTestExecutorService.java:202)\n\tat org.junit.platform.engine.support.hierarchical.ForkJoinPoolHierarchicalTestExecutorService.executeNonConcurrentTasks(ForkJoinPoolHierarchicalTestExecutorService.java:172)\n\tat org.junit.platform.engine.support.hierarchical.ForkJoinPoolHierarchicalTestExecutorService.invokeAll(ForkJoinPoolHierarchicalTestExecutorService.java:152)\n\tat org.junit.platform.engine.support.hierarchical.NodeTestTask.lambda$executeRecursively$6(NodeTestTask.java:155)\n\tat org.junit.platform.engine.support.hierarchical.ThrowableCollector.execute(ThrowableCollector.java:73)\n\tat org.junit.platform.engine.support.hierarchical.NodeTestTask.lambda$executeRecursively$8(NodeTestTask.java:141)\n\tat org.junit.platform.engine.support.hierarchical.Node.around(Node.java:137)\n\tat org.junit.platform.engine.support.hierarchical.NodeTestTask.lambda$executeRecursively$9(NodeTestTask.java:139)\n\tat org.junit.platform.engine.support.hierarchical.ThrowableCollector.execute(ThrowableCollector.java:73)\n\tat org.junit.platform.engine.support.hierarchical.NodeTestTask.executeRecursively(NodeTestTask.java:138)\n\tat org.junit.platform.engine.support.hierarchical.NodeTestTask.execute(NodeTestTask.java:95)\n\tat org.junit.platform.engine.support.hierarchical.ForkJoinPoolHierarchicalTestExecutorService$ExclusiveTask.compute(ForkJoinPoolHierarchicalTestExecutorService.java:202)\n\tat org.junit.platform.engine.support.hierarchical.ForkJoinPoolHierarchicalTestExecutorService.executeNonConcurrentTasks(ForkJoinPoolHierarchicalTestExecutorService.java:172)\n\tat org.junit.platform.engine.support.hierarchical.ForkJoinPoolHierarchicalTestExecutorService.invokeAll(ForkJoinPoolHierarchicalTestExecutorService.java:152)\n\tat org.junit.platform.engine.support.hierarchical.NodeTestTask.lambda$executeRecursively$6(NodeTestTask.java:155)\n\tat org.junit.platform.engine.support.hierarchical.ThrowableCollector.execute(ThrowableCollector.java:73)\n\tat org.junit.platform.engine.support.hierarchical.NodeTestTask.lambda$executeRecursively$8(NodeTestTask.java:141)\n\tat org.junit.platform.engine.support.hierarchical.Node.around(Node.java:137)\n\tat org.junit.platform.engine.support.hierarchical.NodeTestTask.lambda$executeRecursively$9(NodeTestTask.java:139)\n\tat org.junit.platform.engine.support.hierarchical.ThrowableCollector.execute(ThrowableCollector.java:73)\n\tat org.junit.platform.engine.support.hierarchical.NodeTestTask.executeRecursively(NodeTestTask.java:138)\n\tat org.junit.platform.engine.support.hierarchical.NodeTestTask.execute(NodeTestTask.java:95)\n\tat org.junit.platform.engine.support.hierarchical.ForkJoinPoolHierarchicalTestExecutorService$ExclusiveTask.compute(ForkJoinPoolHierarchicalTestExecutorService.java:202)\n\tat java.base/java.util.concurrent.RecursiveAction.exec(RecursiveAction.java:194)\n\tat java.base/java.util.concurrent.ForkJoinTask.doExec(ForkJoinTask.java:387)\n\tat java.base/java.util.concurrent.ForkJoinPool$WorkQueue.topLevelExec(ForkJoinPool.java:1312)\n\tat java.base/java.util.concurrent.ForkJoinPool.scan(ForkJoinPool.java:1843)\n\tat java.base/java.util.concurrent.ForkJoinPool.runWorker(ForkJoinPool.java:1808)\n\tat java.base/java.util.concurrent.ForkJoinWorkerThread.run(ForkJoinWorkerThread.java:188)\n","steps":[],"attachments":[],"parameters":[{"name":"branch","value":"new-feature"}],"shouldDisplayMessage":true,"stepsCount":0,"attachmentsCount":0,"hasContent":true,"attachmentStep":false},{"name":"Stopping web driver","time":{"start":1729611176470,"stop":1729611176470,"duration":0},"status":"failed","statusMessage":"WebDriverException: chrome not reachable\nElement not found {By.xpath: //a[@href='./allure-demo']}\nExpected: text 'Allure'\nPage source: file:./allure-demo/build/reports/tests/1603973861960.0.html\nTimeout: 4 s.","statusTrace":"org.opentest4j.AssertionFailedError: WebDriverException: chrome not reachable\nElement not found {By.xpath: //a[@href='./allure-demo']}\nExpected: text 'Allure'\nPage source: file:./allure-demo/build/reports/tests/1603973861960.0.html\nTimeout: 4 s.\n\tat org.junit.jupiter.api.AssertionUtils.fail(AssertionUtils.java:38)\n\tat org.junit.jupiter.api.Assertions.fail(Assertions.java:138)\n\tat io.qameta.allure.WebSteps.maybeThrowSeleniumTimeoutException(WebSteps.java:126)\n\tat io.qameta.allure.WebSteps.stopDriver(WebSteps.java:24)\n\tat io.qameta.allure.PullRequestsWebTest.stopDriver(PullRequestsWebTest.java:59)\n\tat java.base/jdk.internal.reflect.DirectMethodHandleAccessor.invoke(DirectMethodHandleAccessor.java:103)\n\tat java.base/java.lang.reflect.Method.invoke(Method.java:580)\n\tat org.junit.platform.commons.util.ReflectionUtils.invokeMethod(ReflectionUtils.java:728)\n\tat org.junit.jupiter.engine.execution.MethodInvocation.proceed(MethodInvocation.java:60)\n\tat org.junit.jupiter.engine.execution.InvocationInterceptorChain$ValidatingInvocation.proceed(InvocationInterceptorChain.java:131)\n\tat org.junit.jupiter.engine.extension.TimeoutExtension.intercept(TimeoutExtension.java:156)\n\tat org.junit.jupiter.engine.extension.TimeoutExtension.interceptLifecycleMethod(TimeoutExtension.java:128)\n\tat org.junit.jupiter.engine.extension.TimeoutExtension.interceptAfterEachMethod(TimeoutExtension.java:110)\n\tat org.junit.jupiter.engine.execution.InterceptingExecutableInvoker$ReflectiveInterceptorCall.lambda$ofVoidMethod$0(InterceptingExecutableInvoker.java:103)\n\tat org.junit.jupiter.engine.execution.InterceptingExecutableInvoker.lambda$invoke$0(InterceptingExecutableInvoker.java:93)\n\tat org.junit.jupiter.engine.execution.InvocationInterceptorChain$InterceptedInvocation.proceed(InvocationInterceptorChain.java:106)\n\tat org.junit.jupiter.engine.execution.InvocationInterceptorChain.proceed(InvocationInterceptorChain.java:64)\n\tat org.junit.jupiter.engine.execution.InvocationInterceptorChain.chainAndInvoke(InvocationInterceptorChain.java:45)\n\tat org.junit.jupiter.engine.execution.InvocationInterceptorChain.invoke(InvocationInterceptorChain.java:37)\n\tat org.junit.jupiter.engine.execution.InterceptingExecutableInvoker.invoke(InterceptingExecutableInvoker.java:92)\n\tat org.junit.jupiter.engine.execution.InterceptingExecutableInvoker.invoke(InterceptingExecutableInvoker.java:86)\n\tat org.junit.jupiter.engine.descriptor.ClassBasedTestDescriptor.invokeMethodInExtensionContext(ClassBasedTestDescriptor.java:521)\n\tat org.junit.jupiter.engine.descriptor.ClassBasedTestDescriptor.lambda$synthesizeAfterEachMethodAdapter$24(ClassBasedTestDescriptor.java:511)\n\tat org.junit.jupiter.engine.descriptor.TestMethodTestDescriptor.lambda$invokeAfterEachMethods$10(TestMethodTestDescriptor.java:244)\n\tat org.junit.jupiter.engine.descriptor.TestMethodTestDescriptor.lambda$invokeAllAfterMethodsOrCallbacks$13(TestMethodTestDescriptor.java:277)\n\tat org.junit.platform.engine.support.hierarchical.ThrowableCollector.execute(ThrowableCollector.java:73)\n\tat org.junit.jupiter.engine.descriptor.TestMethodTestDescriptor.lambda$invokeAllAfterMethodsOrCallbacks$14(TestMethodTestDescriptor.java:277)\n\tat org.junit.platform.commons.util.CollectionUtils.forEachInReverseOrder(CollectionUtils.java:217)\n\tat org.junit.jupiter.engine.descriptor.TestMethodTestDescriptor.invokeAllAfterMethodsOrCallbacks(TestMethodTestDescriptor.java:276)\n\tat org.junit.jupiter.engine.descriptor.TestMethodTestDescriptor.invokeAfterEachMethods(TestMethodTestDescriptor.java:242)\n\tat org.junit.jupiter.engine.descriptor.TestMethodTestDescriptor.execute(TestMethodTestDescriptor.java:143)\n\tat org.junit.jupiter.engine.descriptor.TestMethodTestDescriptor.execute(TestMethodTestDescriptor.java:69)\n\tat org.junit.platform.engine.support.hierarchical.NodeTestTask.lambda$executeRecursively$6(NodeTestTask.java:151)\n\tat org.junit.platform.engine.support.hierarchical.ThrowableCollector.execute(ThrowableCollector.java:73)\n\tat org.junit.platform.engine.support.hierarchical.NodeTestTask.lambda$executeRecursively$8(NodeTestTask.java:141)\n\tat org.junit.platform.engine.support.hierarchical.Node.around(Node.java:137)\n\tat org.junit.platform.engine.support.hierarchical.NodeTestTask.lambda$executeRecursively$9(NodeTestTask.java:139)\n\tat org.junit.platform.engine.support.hierarchical.ThrowableCollector.execute(ThrowableCollector.java:73)\n\tat org.junit.platform.engine.support.hierarchical.NodeTestTask.executeRecursively(NodeTestTask.java:138)\n\tat org.junit.platform.engine.support.hierarchical.NodeTestTask.execute(NodeTestTask.java:95)\n\tat org.junit.platform.engine.support.hierarchical.ForkJoinPoolHierarchicalTestExecutorService$ExclusiveTask.compute(ForkJoinPoolHierarchicalTestExecutorService.java:202)\n\tat org.junit.platform.engine.support.hierarchical.ForkJoinPoolHierarchicalTestExecutorService.executeNonConcurrentTasks(ForkJoinPoolHierarchicalTestExecutorService.java:172)\n\tat org.junit.platform.engine.support.hierarchical.ForkJoinPoolHierarchicalTestExecutorService.invokeAll(ForkJoinPoolHierarchicalTestExecutorService.java:152)\n\tat org.junit.platform.engine.support.hierarchical.NodeTestTask.lambda$executeRecursively$6(NodeTestTask.java:155)\n\tat org.junit.platform.engine.support.hierarchical.ThrowableCollector.execute(ThrowableCollector.java:73)\n\tat org.junit.platform.engine.support.hierarchical.NodeTestTask.lambda$executeRecursively$8(NodeTestTask.java:141)\n\tat org.junit.platform.engine.support.hierarchical.Node.around(Node.java:137)\n\tat org.junit.platform.engine.support.hierarchical.NodeTestTask.lambda$executeRecursively$9(NodeTestTask.java:139)\n\tat org.junit.platform.engine.support.hierarchical.ThrowableCollector.execute(ThrowableCollector.java:73)\n\tat org.junit.platform.engine.support.hierarchical.NodeTestTask.executeRecursively(NodeTestTask.java:138)\n\tat org.junit.platform.engine.support.hierarchical.NodeTestTask.execute(NodeTestTask.java:95)\n\tat org.junit.platform.engine.support.hierarchical.ForkJoinPoolHierarchicalTestExecutorService$ExclusiveTask.compute(ForkJoinPoolHierarchicalTestExecutorService.java:202)\n\tat org.junit.platform.engine.support.hierarchical.ForkJoinPoolHierarchicalTestExecutorService.executeNonConcurrentTasks(ForkJoinPoolHierarchicalTestExecutorService.java:172)\n\tat org.junit.platform.engine.support.hierarchical.ForkJoinPoolHierarchicalTestExecutorService.invokeAll(ForkJoinPoolHierarchicalTestExecutorService.java:152)\n\tat org.junit.platform.engine.support.hierarchical.NodeTestTask.lambda$executeRecursively$6(NodeTestTask.java:155)\n\tat org.junit.platform.engine.support.hierarchical.ThrowableCollector.execute(ThrowableCollector.java:73)\n\tat org.junit.platform.engine.support.hierarchical.NodeTestTask.lambda$executeRecursively$8(NodeTestTask.java:141)\n\tat org.junit.platform.engine.support.hierarchical.Node.around(Node.java:137)\n\tat org.junit.platform.engine.support.hierarchical.NodeTestTask.lambda$executeRecursively$9(NodeTestTask.java:139)\n\tat org.junit.platform.engine.support.hierarchical.ThrowableCollector.execute(ThrowableCollector.java:73)\n\tat org.junit.platform.engine.support.hierarchical.NodeTestTask.executeRecursively(NodeTestTask.java:138)\n\tat org.junit.platform.engine.support.hierarchical.NodeTestTask.execute(NodeTestTask.java:95)\n\tat org.junit.platform.engine.support.hierarchical.ForkJoinPoolHierarchicalTestExecutorService$ExclusiveTask.compute(ForkJoinPoolHierarchicalTestExecutorService.java:202)\n\tat java.base/java.util.concurrent.RecursiveAction.exec(RecursiveAction.java:194)\n\tat java.base/java.util.concurrent.ForkJoinTask.doExec(ForkJoinTask.java:387)\n\tat java.base/java.util.concurrent.ForkJoinPool$WorkQueue.topLevelExec(ForkJoinPool.java:1312)\n\tat java.base/java.util.concurrent.ForkJoinPool.scan(ForkJoinPool.java:1843)\n\tat java.base/java.util.concurrent.ForkJoinPool.runWorker(ForkJoinPool.java:1808)\n\tat java.base/java.util.concurrent.ForkJoinWorkerThread.run(ForkJoinWorkerThread.java:188)\n","steps":[],"attachments":[],"parameters":[],"shouldDisplayMessage":true,"stepsCount":0,"attachmentsCount":0,"hasContent":true,"attachmentStep":false}],"attachments":[],"parameters":[],"shouldDisplayMessage":false,"stepsCount":4,"attachmentsCount":2,"hasContent":true,"attachmentStep":false},"afterStages":[],"labels":[{"name":"tag","value":"web"},{"name":"tag","value":"regress"},{"name":"junit.platform.uniqueid","value":"[engine:junit-jupiter]/[class:io.qameta.allure.PullRequestsWebTest]/[method:shouldClosePullRequest()]"},{"name":"owner","value":"eroshenkoam"},{"name":"feature","value":"Pull Requests"},{"name":"layer","value":"web"},{"name":"tm4j","value":"AE-T7"},{"name":"jira","value":"AE-2"},{"name":"story","value":"Close existing pull request"},{"name":"msrv","value":"Repository"},{"name":"host","value":"fv-az888-268"},{"name":"thread","value":"2434@fv-az888-268.ForkJoinPool-1-worker-1(26)"},{"name":"framework","value":"junit-platform"},{"name":"language","value":"java"},{"name":"package","value":"io.qameta.allure.PullRequestsWebTest"},{"name":"testClass","value":"io.qameta.allure.PullRequestsWebTest"},{"name":"testMethod","value":"shouldClosePullRequest"},{"name":"suite","value":"io.qameta.allure.PullRequestsWebTest"},{"name":"resultFormat","value":"allure2"}],"parameters":[],"links":[],"hidden":false,"retry":false,"extra":{"severity":"normal","owner":"eroshenkoam","retries":[],"categories":[{"name":"Product defects","matchedStatuses":[],"flaky":false}],"history":{"statistic":{"failed":2,"broken":0,"skipped":0,"passed":6,"unknown":0,"total":8},"items":[{"uid":"7db974d50d0f28c3","reportUrl":"https://allure-framework.github.io/allure-demo/9//#testresult/7db974d50d0f28c3","status":"passed","time":{"start":1702309403854,"stop":1702309405858,"duration":2004}},{"uid":"d768e4bf9aae6a05","reportUrl":"https://allure-framework.github.io/allure-demo/8//#testresult/d768e4bf9aae6a05","status":"passed","time":{"start":1693918892590,"stop":1693918894594,"duration":2004}},{"uid":"aeb0d52e24846d43","reportUrl":"https://allure-framework.github.io/allure-demo/7//#testresult/aeb0d52e24846d43","status":"passed","time":{"start":1687173328785,"stop":1687173330791,"duration":2006}},{"uid":"8aca29552a1cb438","reportUrl":"https://allure-framework.github.io/allure-demo/5//#testresult/8aca29552a1cb438","status":"passed","time":{"start":1656969447784,"stop":1656969449788,"duration":2004}},{"uid":"c38fb86cba049a72","reportUrl":"https://allure-framework.github.io/allure-demo/4//#testresult/c38fb86cba049a72","status":"passed","time":{"start":1656969332007,"stop":1656969334015,"duration":2008}},{"uid":"17b1581c23765fed","reportUrl":"https://allure-framework.github.io/allure-demo/3//#testresult/17b1581c23765fed","status":"failed","statusDetails":"Element not found {By.xpath: [//div[@class='something']]}\nExpected: visible or transparent: visible or have css value opacity=0\nScreenshot: file:/Users/eroshenkoam/Developer/eroshenkoam/webdriver-coverage-example/build/reports/tests/1603973516437.0.png\nPage source: file:/Users/eroshenkoam/Developer/eroshenkoam/webdriver-coverage-example/build/reports/tests/1603973516437.0.html\nTimeout: 4 s.\n","time":{"start":1656969186936,"stop":1656969187958,"duration":1022}},{"uid":"2df0f4ca5189f759","reportUrl":"https://allure-framework.github.io/allure-demo/2//#testresult/2df0f4ca5189f759","status":"passed","time":{"start":1656969021420,"stop":1656969023425,"duration":2005}}]},"tags":["web","regress"]},"source":"46426fefde6806f1.json","parameterValues":[]}