{"uid":"74f060cb020ccd3b","name":"Creating new issue for authorized user","fullName":"io.qameta.allure.PullRequestsWebTest.shouldCreatePullRequest","historyId":"b4f6403523fb41de7d369843de9745d8","time":{"start":1729611176482,"stop":1729611176486,"duration":4},"description":"","status":"failed","statusMessage":"WebDriverException: chrome not reachable\nElement not found {By.xpath: //a[@href='./allure-demo']}\nExpected: text 'Allure'\nPage source: file:./allure-demo/build/reports/tests/1603973861960.0.html\nTimeout: 4 s.","statusTrace":"org.opentest4j.AssertionFailedError: WebDriverException: chrome not reachable\nElement not found {By.xpath: //a[@href='./allure-demo']}\nExpected: text 'Allure'\nPage source: file:./allure-demo/build/reports/tests/1603973861960.0.html\nTimeout: 4 s.\n\tat org.junit.jupiter.api.AssertionUtils.fail(AssertionUtils.java:38)\n\tat org.junit.jupiter.api.Assertions.fail(Assertions.java:138)\n\tat io.qameta.allure.WebSteps.maybeThrowSeleniumTimeoutException(WebSteps.java:126)\n\tat io.qameta.allure.WebSteps.startDriver(WebSteps.java:19)\n\tat io.qameta.allure.PullRequestsWebTest.startDriver(PullRequestsWebTest.java:27)\n\tat java.base/java.lang.reflect.Method.invoke(Method.java:580)\n\tat java.base/java.util.concurrent.RecursiveAction.exec(RecursiveAction.java:194)\n\tat java.base/java.util.concurrent.ForkJoinTask.doExec(ForkJoinTask.java:387)\n\tat java.base/java.util.concurrent.ForkJoinPool$WorkQueue.topLevelExec(ForkJoinPool.java:1312)\n\tat java.base/java.util.concurrent.ForkJoinPool.scan(ForkJoinPool.java:1843)\n\tat java.base/java.util.concurrent.ForkJoinPool.runWorker(ForkJoinPool.java:1808)\n\tat java.base/java.util.concurrent.ForkJoinWorkerThread.run(ForkJoinWorkerThread.java:188)\n","flaky":true,"newFailed":true,"newBroken":false,"newPassed":false,"retriesCount":0,"retriesStatusChange":false,"beforeStages":[],"testStage":{"description":"","status":"failed","statusMessage":"WebDriverException: chrome not reachable\nElement not found {By.xpath: //a[@href='./allure-demo']}\nExpected: text 'Allure'\nPage source: file:./allure-demo/build/reports/tests/1603973861960.0.html\nTimeout: 4 s.","statusTrace":"org.opentest4j.AssertionFailedError: WebDriverException: chrome not reachable\nElement not found {By.xpath: //a[@href='./allure-demo']}\nExpected: text 'Allure'\nPage source: file:./allure-demo/build/reports/tests/1603973861960.0.html\nTimeout: 4 s.\n\tat org.junit.jupiter.api.AssertionUtils.fail(AssertionUtils.java:38)\n\tat org.junit.jupiter.api.Assertions.fail(Assertions.java:138)\n\tat io.qameta.allure.WebSteps.maybeThrowSeleniumTimeoutException(WebSteps.java:126)\n\tat io.qameta.allure.WebSteps.startDriver(WebSteps.java:19)\n\tat io.qameta.allure.PullRequestsWebTest.startDriver(PullRequestsWebTest.java:27)\n\tat java.base/java.lang.reflect.Method.invoke(Method.java:580)\n\tat java.base/java.util.concurrent.RecursiveAction.exec(RecursiveAction.java:194)\n\tat java.base/java.util.concurrent.ForkJoinTask.doExec(ForkJoinTask.java:387)\n\tat java.base/java.util.concurrent.ForkJoinPool$WorkQueue.topLevelExec(ForkJoinPool.java:1312)\n\tat java.base/java.util.concurrent.ForkJoinPool.scan(ForkJoinPool.java:1843)\n\tat java.base/java.util.concurrent.ForkJoinPool.runWorker(ForkJoinPool.java:1808)\n\tat java.base/java.util.concurrent.ForkJoinWorkerThread.run(ForkJoinWorkerThread.java:188)\n","steps":[{"name":"Starting web driver","time":{"start":1729611176482,"stop":1729611176483,"duration":1},"status":"failed","statusMessage":"WebDriverException: chrome not reachable\nElement not found {By.xpath: //a[@href='./allure-demo']}\nExpected: text 'Allure'\nPage source: file:./allure-demo/build/reports/tests/1603973861960.0.html\nTimeout: 4 s.","statusTrace":"org.opentest4j.AssertionFailedError: WebDriverException: chrome not reachable\nElement not found {By.xpath: //a[@href='./allure-demo']}\nExpected: text 'Allure'\nPage source: file:./allure-demo/build/reports/tests/1603973861960.0.html\nTimeout: 4 s.\n\tat org.junit.jupiter.api.AssertionUtils.fail(AssertionUtils.java:38)\n\tat org.junit.jupiter.api.Assertions.fail(Assertions.java:138)\n\tat io.qameta.allure.WebSteps.maybeThrowSeleniumTimeoutException(WebSteps.java:126)\n\tat io.qameta.allure.WebSteps.startDriver(WebSteps.java:19)\n\tat io.qameta.allure.PullRequestsWebTest.startDriver(PullRequestsWebTest.java:27)\n\tat java.base/jdk.internal.reflect.DirectMethodHandleAccessor.invoke(DirectMethodHandleAccessor.java:103)\n\tat java.base/java.lang.reflect.Method.invoke(Method.java:580)\n\tat org.junit.platform.commons.util.ReflectionUtils.invokeMethod(ReflectionUtils.java:728)\n\tat org.junit.jupiter.engine.execution.MethodInvocation.proceed(MethodInvocation.java:60)\n\tat org.junit.jupiter.engine.execution.InvocationInterceptorChain$ValidatingInvocation.proceed(InvocationInterceptorChain.java:131)\n\tat org.junit.jupiter.engine.extension.TimeoutExtension.intercept(TimeoutExtension.java:156)\n\tat org.junit.jupiter.engine.extension.TimeoutExtension.interceptLifecycleMethod(TimeoutExtension.java:128)\n\tat org.junit.jupiter.engine.extension.TimeoutExtension.interceptBeforeEachMethod(TimeoutExtension.java:78)\n\tat org.junit.jupiter.engine.execution.InterceptingExecutableInvoker$ReflectiveInterceptorCall.lambda$ofVoidMethod$0(InterceptingExecutableInvoker.java:103)\n\tat org.junit.jupiter.engine.execution.InterceptingExecutableInvoker.lambda$invoke$0(InterceptingExecutableInvoker.java:93)\n\tat org.junit.jupiter.engine.execution.InvocationInterceptorChain$InterceptedInvocation.proceed(InvocationInterceptorChain.java:106)\n\tat org.junit.jupiter.engine.execution.InvocationInterceptorChain.proceed(InvocationInterceptorChain.java:64)\n\tat org.junit.jupiter.engine.execution.InvocationInterceptorChain.chainAndInvoke(InvocationInterceptorChain.java:45)\n\tat org.junit.jupiter.engine.execution.InvocationInterceptorChain.invoke(InvocationInterceptorChain.java:37)\n\tat org.junit.jupiter.engine.execution.InterceptingExecutableInvoker.invoke(InterceptingExecutableInvoker.java:92)\n\tat org.junit.jupiter.engine.execution.InterceptingExecutableInvoker.invoke(InterceptingExecutableInvoker.java:86)\n\tat org.junit.jupiter.engine.descriptor.ClassBasedTestDescriptor.invokeMethodInExtensionContext(ClassBasedTestDescriptor.java:521)\n\tat org.junit.jupiter.engine.descriptor.ClassBasedTestDescriptor.lambda$synthesizeBeforeEachMethodAdapter$23(ClassBasedTestDescriptor.java:506)\n\tat org.junit.jupiter.engine.descriptor.TestMethodTestDescriptor.lambda$invokeBeforeEachMethods$3(TestMethodTestDescriptor.java:175)\n\tat org.junit.jupiter.engine.descriptor.TestMethodTestDescriptor.lambda$invokeBeforeMethodsOrCallbacksUntilExceptionOccurs$6(TestMethodTestDescriptor.java:203)\n\tat org.junit.platform.engine.support.hierarchical.ThrowableCollector.execute(ThrowableCollector.java:73)\n\tat org.junit.jupiter.engine.descriptor.TestMethodTestDescriptor.invokeBeforeMethodsOrCallbacksUntilExceptionOccurs(TestMethodTestDescriptor.java:203)\n\tat org.junit.jupiter.engine.descriptor.TestMethodTestDescriptor.invokeBeforeEachMethods(TestMethodTestDescriptor.java:172)\n\tat org.junit.jupiter.engine.descriptor.TestMethodTestDescriptor.execute(TestMethodTestDescriptor.java:135)\n\tat org.junit.jupiter.engine.descriptor.TestMethodTestDescriptor.execute(TestMethodTestDescriptor.java:69)\n\tat org.junit.platform.engine.support.hierarchical.NodeTestTask.lambda$executeRecursively$6(NodeTestTask.java:151)\n\tat org.junit.platform.engine.support.hierarchical.ThrowableCollector.execute(ThrowableCollector.java:73)\n\tat org.junit.platform.engine.support.hierarchical.NodeTestTask.lambda$executeRecursively$8(NodeTestTask.java:141)\n\tat org.junit.platform.engine.support.hierarchical.Node.around(Node.java:137)\n\tat org.junit.platform.engine.support.hierarchical.NodeTestTask.lambda$executeRecursively$9(NodeTestTask.java:139)\n\tat org.junit.platform.engine.support.hierarchical.ThrowableCollector.execute(ThrowableCollector.java:73)\n\tat org.junit.platform.engine.support.hierarchical.NodeTestTask.executeRecursively(NodeTestTask.java:138)\n\tat org.junit.platform.engine.support.hierarchical.NodeTestTask.execute(NodeTestTask.java:95)\n\tat org.junit.platform.engine.support.hierarchical.ForkJoinPoolHierarchicalTestExecutorService$ExclusiveTask.compute(ForkJoinPoolHierarchicalTestExecutorService.java:202)\n\tat org.junit.platform.engine.support.hierarchical.ForkJoinPoolHierarchicalTestExecutorService.executeNonConcurrentTasks(ForkJoinPoolHierarchicalTestExecutorService.java:172)\n\tat org.junit.platform.engine.support.hierarchical.ForkJoinPoolHierarchicalTestExecutorService.invokeAll(ForkJoinPoolHierarchicalTestExecutorService.java:152)\n\tat org.junit.platform.engine.support.hierarchical.NodeTestTask.lambda$executeRecursively$6(NodeTestTask.java:155)\n\tat org.junit.platform.engine.support.hierarchical.ThrowableCollector.execute(ThrowableCollector.java:73)\n\tat org.junit.platform.engine.support.hierarchical.NodeTestTask.lambda$executeRecursively$8(NodeTestTask.java:141)\n\tat org.junit.platform.engine.support.hierarchical.Node.around(Node.java:137)\n\tat org.junit.platform.engine.support.hierarchical.NodeTestTask.lambda$executeRecursively$9(NodeTestTask.java:139)\n\tat org.junit.platform.engine.support.hierarchical.ThrowableCollector.execute(ThrowableCollector.java:73)\n\tat org.junit.platform.engine.support.hierarchical.NodeTestTask.executeRecursively(NodeTestTask.java:138)\n\tat org.junit.platform.engine.support.hierarchical.NodeTestTask.execute(NodeTestTask.java:95)\n\tat org.junit.platform.engine.support.hierarchical.ForkJoinPoolHierarchicalTestExecutorService$ExclusiveTask.compute(ForkJoinPoolHierarchicalTestExecutorService.java:202)\n\tat org.junit.platform.engine.support.hierarchical.ForkJoinPoolHierarchicalTestExecutorService.executeNonConcurrentTasks(ForkJoinPoolHierarchicalTestExecutorService.java:172)\n\tat org.junit.platform.engine.support.hierarchical.ForkJoinPoolHierarchicalTestExecutorService.invokeAll(ForkJoinPoolHierarchicalTestExecutorService.java:152)\n\tat org.junit.platform.engine.support.hierarchical.NodeTestTask.lambda$executeRecursively$6(NodeTestTask.java:155)\n\tat org.junit.platform.engine.support.hierarchical.ThrowableCollector.execute(ThrowableCollector.java:73)\n\tat org.junit.platform.engine.support.hierarchical.NodeTestTask.lambda$executeRecursively$8(NodeTestTask.java:141)\n\tat org.junit.platform.engine.support.hierarchical.Node.around(Node.java:137)\n\tat org.junit.platform.engine.support.hierarchical.NodeTestTask.lambda$executeRecursively$9(NodeTestTask.java:139)\n\tat org.junit.platform.engine.support.hierarchical.ThrowableCollector.execute(ThrowableCollector.java:73)\n\tat org.junit.platform.engine.support.hierarchical.NodeTestTask.executeRecursively(NodeTestTask.java:138)\n\tat org.junit.platform.engine.support.hierarchical.NodeTestTask.execute(NodeTestTask.java:95)\n\tat org.junit.platform.engine.support.hierarchical.ForkJoinPoolHierarchicalTestExecutorService$ExclusiveTask.compute(ForkJoinPoolHierarchicalTestExecutorService.java:202)\n\tat java.base/java.util.concurrent.RecursiveAction.exec(RecursiveAction.java:194)\n\tat java.base/java.util.concurrent.ForkJoinTask.doExec(ForkJoinTask.java:387)\n\tat java.base/java.util.concurrent.ForkJoinPool$WorkQueue.topLevelExec(ForkJoinPool.java:1312)\n\tat java.base/java.util.concurrent.ForkJoinPool.scan(ForkJoinPool.java:1843)\n\tat java.base/java.util.concurrent.ForkJoinPool.runWorker(ForkJoinPool.java:1808)\n\tat java.base/java.util.concurrent.ForkJoinWorkerThread.run(ForkJoinWorkerThread.java:188)\n","steps":[],"attachments":[],"parameters":[],"shouldDisplayMessage":true,"stepsCount":0,"attachmentsCount":0,"hasContent":true,"attachmentStep":false},{"name":"Stopping web driver","time":{"start":1729611176483,"stop":1729611176483,"duration":0},"status":"passed","steps":[],"attachments":[],"parameters":[],"shouldDisplayMessage":false,"stepsCount":0,"attachmentsCount":0,"hasContent":false,"attachmentStep":false}],"attachments":[],"parameters":[],"shouldDisplayMessage":false,"stepsCount":2,"attachmentsCount":0,"hasContent":true,"attachmentStep":false},"afterStages":[],"labels":[{"name":"tag","value":"web"},{"name":"tag","value":"regress"},{"name":"tag","value":"smoke"},{"name":"junit.platform.uniqueid","value":"[engine:junit-jupiter]/[class:io.qameta.allure.PullRequestsWebTest]/[method:shouldCreatePullRequest()]"},{"name":"owner","value":"eroshenkoam"},{"name":"feature","value":"Pull Requests"},{"name":"layer","value":"web"},{"name":"msrv","value":"Billing"},{"name":"tm4j","value":"AE-T6"},{"name":"jira","value":"AE-2"},{"name":"story","value":"Create new pull request"},{"name":"jira","value":"AE-1"},{"name":"host","value":"fv-az888-268"},{"name":"thread","value":"2434@fv-az888-268.ForkJoinPool-1-worker-1(26)"},{"name":"framework","value":"junit-platform"},{"name":"language","value":"java"},{"name":"package","value":"io.qameta.allure.PullRequestsWebTest"},{"name":"testClass","value":"io.qameta.allure.PullRequestsWebTest"},{"name":"testMethod","value":"shouldCreatePullRequest"},{"name":"suite","value":"io.qameta.allure.PullRequestsWebTest"},{"name":"resultFormat","value":"allure2"}],"parameters":[],"links":[],"hidden":false,"retry":false,"extra":{"severity":"normal","owner":"eroshenkoam","retries":[],"categories":[{"name":"Product defects","matchedStatuses":[],"flaky":false}],"history":{"statistic":{"failed":2,"broken":0,"skipped":0,"passed":6,"unknown":0,"total":8},"items":[{"uid":"7f55511c958e9e94","reportUrl":"https://allure-framework.github.io/allure-demo/9//#testresult/7f55511c958e9e94","status":"passed","time":{"start":1702309405862,"stop":1702309407866,"duration":2004}},{"uid":"9f296f6e0bd3507d","reportUrl":"https://allure-framework.github.io/allure-demo/8//#testresult/9f296f6e0bd3507d","status":"passed","time":{"start":1693918894597,"stop":1693918896600,"duration":2003}},{"uid":"f3ea137aea4464c5","reportUrl":"https://allure-framework.github.io/allure-demo/7//#testresult/f3ea137aea4464c5","status":"passed","time":{"start":1687173330795,"stop":1687173332800,"duration":2005}},{"uid":"df2e9aa8227db653","reportUrl":"https://allure-framework.github.io/allure-demo/5//#testresult/df2e9aa8227db653","status":"passed","time":{"start":1656969449791,"stop":1656969451794,"duration":2003}},{"uid":"e875f49afc21453c","reportUrl":"https://allure-framework.github.io/allure-demo/4//#testresult/e875f49afc21453c","status":"failed","statusDetails":"WebDriverException: chrome not reachable\nElement not found {By.xpath: //a[@href='/eroshenkoam/allure-example']}\nExpected: text 'Allure'\nPage source: file:/Users/eroshenkoam/Developer/eroshenkoam/webdriver-coverage-example/build/reports/tests/1603973861960.0.html\nTimeout: 4 s.","time":{"start":1656969334022,"stop":1656969336034,"duration":2012}},{"uid":"200e7b5d6efd1ddf","reportUrl":"https://allure-framework.github.io/allure-demo/3//#testresult/200e7b5d6efd1ddf","status":"passed","time":{"start":1656969187972,"stop":1656969189976,"duration":2004}},{"uid":"d7db5a8971c1cb5a","reportUrl":"https://allure-framework.github.io/allure-demo/2//#testresult/d7db5a8971c1cb5a","status":"passed","time":{"start":1656969023429,"stop":1656969025434,"duration":2005}}]},"tags":["web","regress","smoke"]},"source":"74f060cb020ccd3b.json","parameterValues":[]}